<?xml version="1.0" encoding="UTF-8"?>
<!-- Generated by org.testng.reporters.JUnitXMLReporter -->
<testsuite ignored="0" hostname="QT-INBG-LT0805" failures="0" tests="5" name="Default test" time="4.321" errors="0" timestamp="2023-08-30T11:15:51 IST">
  <testcase classname="api.test.ReqresTest" name="testlistuser" time="1.543"/>
  <testcase classname="api.test.ReqresTest" name="testcreateuser" time="1.351"/>
  <testcase classname="api.test.ReqresTest" name="testupdate" time="0.36"/>
  <testcase classname="api.test.ReqresTest" name="deleteuser" time="0.433"/>
  <testcase classname="api.test.ReqresTest" name="registeruser" time="0.401"/>
</testsuite> <!-- Default test -->
