<?xml version="1.0" encoding="UTF-8"?>
<!-- Generated by org.testng.reporters.JUnitXMLReporter -->
<testsuite ignored="0" hostname="QT-INBG-LT0805" failures="0" tests="5" name="Test" time="6.366" errors="0" timestamp="2023-09-06T11:28:50 IST">
  <testcase classname="api.test.ReqresTest" name="testlistuser" time="2.721"/>
  <testcase classname="api.test.ReqresTest" name="testcreateuser" time="1.633"/>
  <testcase classname="api.test.ReqresTest" name="testupdate" time="0.435"/>
  <testcase classname="api.test.ReqresTest" name="deleteuser" time="0.4"/>
  <testcase classname="api.test.ReqresTest" name="registeruser" time="0.419"/>
</testsuite> <!-- Test -->
