<?xml version="1.0" encoding="UTF-8"?>
<!-- Generated by org.testng.reporters.JUnitXMLReporter -->
<testsuite ignored="0" hostname="QT-INBG-LT0805" failures="0" tests="5" name="Test" time="6.216" errors="0" timestamp="2023-09-06T14:45:28 IST">
  <testcase classname="api.test.ReqresTest" name="testlistuser" time="2.479"/>
  <testcase classname="api.test.ReqresTest" name="testcreateuser" time="1.818"/>
  <testcase classname="api.test.ReqresTest" name="testupdate" time="0.432"/>
  <testcase classname="api.test.ReqresTest" name="deleteuser" time="0.421"/>
  <testcase classname="api.test.ReqresTest" name="registeruser" time="0.405"/>
</testsuite> <!-- Test -->
