<?xml version="1.0" encoding="UTF-8"?>
<testng-results ignored="0" total="5" passed="5" failed="0" skipped="0">
  <reporter-output>
  </reporter-output>
  <suite started-at="2023-09-06T14:45:22 IST" name="Suite" finished-at="2023-09-06T14:45:28 IST" duration-ms="6216">
    <groups>
    </groups>
    <test started-at="2023-09-06T14:45:22 IST" name="Test" finished-at="2023-09-06T14:45:28 IST" duration-ms="6216">
      <class name="api.test.ReqresTest">
        <test-method is-config="true" signature="setupData()[pri:0, instance:api.test.ReqresTest@5677323c]" started-at="2023-09-06T14:45:22 IST" name="setupData" finished-at="2023-09-06T14:45:22 IST" duration-ms="245" status="PASS">
          <reporter-output>
          </reporter-output>
        </test-method> <!-- setupData -->
        <test-method signature="testlistuser()[pri:1, instance:api.test.ReqresTest@5677323c]" started-at="2023-09-06T14:45:22 IST" name="testlistuser" finished-at="2023-09-06T14:45:25 IST" duration-ms="2479" status="PASS">
          <reporter-output>
          </reporter-output>
        </test-method> <!-- testlistuser -->
        <test-method signature="testcreateuser()[pri:2, instance:api.test.ReqresTest@5677323c]" started-at="2023-09-06T14:45:25 IST" name="testcreateuser" finished-at="2023-09-06T14:45:27 IST" duration-ms="1818" status="PASS">
          <reporter-output>
          </reporter-output>
        </test-method> <!-- testcreateuser -->
        <test-method signature="testupdate()[pri:3, instance:api.test.ReqresTest@5677323c]" started-at="2023-09-06T14:45:27 IST" name="testupdate" finished-at="2023-09-06T14:45:27 IST" duration-ms="432" status="PASS">
          <reporter-output>
          </reporter-output>
        </test-method> <!-- testupdate -->
        <test-method signature="deleteuser()[pri:4, instance:api.test.ReqresTest@5677323c]" started-at="2023-09-06T14:45:27 IST" name="deleteuser" finished-at="2023-09-06T14:45:28 IST" duration-ms="421" status="PASS">
          <reporter-output>
          </reporter-output>
        </test-method> <!-- deleteuser -->
        <test-method signature="registeruser()[pri:5, instance:api.test.ReqresTest@5677323c]" started-at="2023-09-06T14:45:28 IST" name="registeruser" finished-at="2023-09-06T14:45:28 IST" duration-ms="405" status="PASS">
          <reporter-output>
          </reporter-output>
        </test-method> <!-- registeruser -->
      </class> <!-- api.test.ReqresTest -->
    </test> <!-- Test -->
  </suite> <!-- Suite -->
</testng-results>
