<?xml version="1.0" encoding="UTF-8"?>
<testsuite xmlns:xsi="http://www.w3.org/2001/XMLSchema-instance" xsi:noNamespaceSchemaLocation="https://maven.apache.org/surefire/maven-surefire-plugin/xsd/surefire-test-report-3.0.xsd" version="3.0" name="TestSuite" time="7.898" tests="5" errors="0" skipped="0" failures="0">
  <properties>
[...]
</properties>
  <testcase name="testlistuser" classname="api.test.ReqresTest" time="2.497">
    <system-out><![CDATA[HTTP/1.1 200 OK
Date: Wed, 06 Sep 2023 09:15:25 GMT
Content-Type: application/json; charset=utf-8
Transfer-Encoding: chunked
Connection: keep-alive
X-Powered-By: Express
Access-Control-Allow-Origin: *
Etag: W/"406-ut0vzoCuidvyMf8arZpMpJ6ZRDw"
Via: 1.1 vegur
Cache-Control: max-age=14400
CF-Cache-Status: HIT
Age: 274
Report-To: {"endpoints":[{"url":"https:\/\/a.nel.cloudflare.com\/report\/v3?s=b4G7mmF7He43xB%2BmpBzgAo0x%2F%2BUDgKbFX%2By%2F5dNfukC88gcXf7XIJJWzbBSfbqSuxoQkCImlCw58k8i%2F%2Fijb15VnczjPv8WIAr%2Fr0qbBzJcnDo%2FJXNnKKAJbBQ%3D%3D"}],"group":"cf-nel","max_age":604800}
NEL: {"success_fraction":0,"report_to":"cf-nel","max_age":604800}
Vary: Accept-Encoding
Server: cloudflare
CF-RAY: 80259b795bc184b3-BOM
Content-Encoding: gzip

{
    "page": 2,
    "per_page": 6,
    "total": 12,
    "total_pages": 2,
    "data": [
        {
            "id": 7,
            "email": "michael.lawson@reqres.in",
            "first_name": "Michael",
            "last_name": "Lawson",
            "avatar": "https://reqres.in/img/faces/7-image.jpg"
        },
        {
            "id": 8,
            "email": "lindsay.ferguson@reqres.in",
            "first_name": "Lindsay",
            "last_name": "Ferguson",
            "avatar": "https://reqres.in/img/faces/8-image.jpg"
        },
        {
            "id": 9,
            "email": "tobias.funke@reqres.in",
            "first_name": "Tobias",
            "last_name": "Funke",
            "avatar": "https://reqres.in/img/faces/9-image.jpg"
        },
        {
            "id": 10,
            "email": "byron.fields@reqres.in",
            "first_name": "Byron",
            "last_name": "Fields",
            "avatar": "https://reqres.in/img/faces/10-image.jpg"
        },
        {
            "id": 11,
            "email": "george.edwards@reqres.in",
            "first_name": "George",
            "last_name": "Edwards",
            "avatar": "https://reqres.in/img/faces/11-image.jpg"
        },
        {
            "id": 12,
            "email": "rachel.howell@reqres.in",
            "first_name": "Rachel",
            "last_name": "Howell",
            "avatar": "https://reqres.in/img/faces/12-image.jpg"
        }
    ],
    "support": {
        "url": "https://reqres.in/#support-heading",
        "text": "To keep ReqRes free, contributions towards server costs are appreciated!"
    }
}
]]></system-out>
    <system-err><![CDATA[SLF4J: Failed to load class "org.slf4j.impl.StaticLoggerBinder".
SLF4J: Defaulting to no-operation (NOP) logger implementation
SLF4J: See http://www.slf4j.org/codes.html#StaticLoggerBinder for further details.
]]></system-err>
  </testcase>
  <testcase name="testcreateuser" classname="api.test.ReqresTest" time="1.819">
    <system-out><![CDATA[HTTP/1.1 201 Created
Date: Wed, 06 Sep 2023 09:15:26 GMT
Content-Type: application/json; charset=utf-8
Content-Length: 51
Connection: keep-alive
X-Powered-By: Express
Access-Control-Allow-Origin: *
Etag: W/"33-RG8kqwYd7Tz8Be20AzXMFeMPD/0"
Via: 1.1 vegur
CF-Cache-Status: DYNAMIC
Report-To: {"endpoints":[{"url":"https:\/\/a.nel.cloudflare.com\/report\/v3?s=J2DKBUP%2FcS9B2PD1P669cjjec7nQodjXsOf2lfBE8I8kfgx%2BWl1n11QRAeZSJy6rQikACL%2F9nol4K0EAQuqyM%2B0PQPWw9JxRfctuMSCz2wBQYDv9jRGnBavNHQ%3D%3D"}],"group":"cf-nel","max_age":604800}
NEL: {"success_fraction":0,"report_to":"cf-nel","max_age":604800}
Server: cloudflare
CF-RAY: 80259b7e7b628510-BOM

{
    "id": "660",
    "createdAt": "2023-09-06T09:15:26.029Z"
}
660
]]></system-out>
  </testcase>
  <testcase name="testupdate" classname="api.test.ReqresTest" time="0.434">
    <system-out><![CDATA[HTTP/1.1 200 OK
Date: Wed, 06 Sep 2023 09:15:27 GMT
Content-Type: application/json; charset=utf-8
Content-Length: 40
Connection: keep-alive
X-Powered-By: Express
Access-Control-Allow-Origin: *
Etag: W/"28-QBYnWdrxTsec7GtL1K+k+mpEoW0"
Via: 1.1 vegur
CF-Cache-Status: DYNAMIC
Report-To: {"endpoints":[{"url":"https:\/\/a.nel.cloudflare.com\/report\/v3?s=HKShLtOBxE1prhpcYQSeqyqjCVk2tdTI5%2FWY9pWjvSyVkxi09vNSJVc3Ml95GMI9UWC9n7yoicQ1e1ZNnb9hvmYt0UEeVH5Cz%2BkUzDZX%2BwytSAaggZQDuJUaVQ%3D%3D"}],"group":"cf-nel","max_age":604800}
NEL: {"success_fraction":0,"report_to":"cf-nel","max_age":604800}
Vary: Accept-Encoding
Server: cloudflare
CF-RAY: 80259b86ce3e853d-BOM

{
    "updatedAt": "2023-09-06T09:15:27.369Z"
}
]]></system-out>
  </testcase>
  <testcase name="deleteuser" classname="api.test.ReqresTest" time="0.421">
    <system-out><![CDATA[HTTP/1.1 204 No Content
Date: Wed, 06 Sep 2023 09:15:27 GMT
Content-Length: 0
Connection: keep-alive
X-Powered-By: Express
Access-Control-Allow-Origin: *
Etag: W/"2-vyGp6PvFo4RvsFtPoIWeCReyIC8"
Via: 1.1 vegur
CF-Cache-Status: DYNAMIC
Report-To: {"endpoints":[{"url":"https:\/\/a.nel.cloudflare.com\/report\/v3?s=HrrbIE7bH%2FGm17K1iQRKN7TocXe4ROuiqGiPrOzqjwG2mAf0SSVSeuqBJ%2BtqasQmgwoAUIiJqOWbFNiNCe8OORb%2Fle5OCWfeRhAITZFyqYjcXrejUoE1EnUPBg%3D%3D"}],"group":"cf-nel","max_age":604800}
NEL: {"success_fraction":0,"report_to":"cf-nel","max_age":604800}
Server: cloudflare
CF-RAY: 80259b896eca8525-BOM
]]></system-out>
  </testcase>
  <testcase name="registeruser" classname="api.test.ReqresTest" time="0.405">
    <system-out><![CDATA[HTTP/1.1 200 OK
Date: Wed, 06 Sep 2023 09:15:28 GMT
Content-Type: application/json; charset=utf-8
Content-Length: 36
Connection: keep-alive
X-Powered-By: Express
Access-Control-Allow-Origin: *
Etag: W/"24-4iP0za1geN2he+ohu8F0FhCjLks"
Via: 1.1 vegur
CF-Cache-Status: DYNAMIC
Report-To: {"endpoints":[{"url":"https:\/\/a.nel.cloudflare.com\/report\/v3?s=i088Ut0rzFhq5qGBCkvIa8CTMmYWHPRjnAWrjgP9O1aJ8ZVaJe9lrfhpd625yVh17SWJ6wPFRGXSKTtSGMJN4FDmC3Pz1OLOhB7cOGLK90AhUJw8NulcU3TYXg%3D%3D"}],"group":"cf-nel","max_age":604800}
NEL: {"success_fraction":0,"report_to":"cf-nel","max_age":604800}
Server: cloudflare
CF-RAY: 80259b8bfe248528-BOM

{
    "id": 4,
    "token": "QpwL5tke4Pnpja7X4"
}
]]></system-out>
  </testcase>
</testsuite>