<?xml version="1.0" encoding="UTF-8"?>
<testng-results ignored="0" total="5" passed="5" failed="0" skipped="0">
  <reporter-output>
  </reporter-output>
  <suite started-at="2023-09-06T11:28:44 IST" name="Suite" finished-at="2023-09-06T11:28:50 IST" duration-ms="6366">
    <groups>
    </groups>
    <test started-at="2023-09-06T11:28:44 IST" name="Test" finished-at="2023-09-06T11:28:50 IST" duration-ms="6366">
      <class name="api.test.ReqresTest">
        <test-method is-config="true" signature="setupData()[pri:0, instance:api.test.ReqresTest@6c1a5b54]" started-at="2023-09-06T11:28:44 IST" name="setupData" finished-at="2023-09-06T11:28:44 IST" duration-ms="261" status="PASS">
          <reporter-output>
          </reporter-output>
        </test-method> <!-- setupData -->
        <test-method signature="testlistuser()[pri:1, instance:api.test.ReqresTest@6c1a5b54]" started-at="2023-09-06T11:28:44 IST" name="testlistuser" finished-at="2023-09-06T11:28:47 IST" duration-ms="2721" status="PASS">
          <reporter-output>
          </reporter-output>
        </test-method> <!-- testlistuser -->
        <test-method signature="testcreateuser()[pri:2, instance:api.test.ReqresTest@6c1a5b54]" started-at="2023-09-06T11:28:47 IST" name="testcreateuser" finished-at="2023-09-06T11:28:49 IST" duration-ms="1633" status="PASS">
          <reporter-output>
          </reporter-output>
        </test-method> <!-- testcreateuser -->
        <test-method signature="testupdate()[pri:3, instance:api.test.ReqresTest@6c1a5b54]" started-at="2023-09-06T11:28:49 IST" name="testupdate" finished-at="2023-09-06T11:28:49 IST" duration-ms="435" status="PASS">
          <reporter-output>
          </reporter-output>
        </test-method> <!-- testupdate -->
        <test-method signature="deleteuser()[pri:4, instance:api.test.ReqresTest@6c1a5b54]" started-at="2023-09-06T11:28:49 IST" name="deleteuser" finished-at="2023-09-06T11:28:49 IST" duration-ms="400" status="PASS">
          <reporter-output>
          </reporter-output>
        </test-method> <!-- deleteuser -->
        <test-method signature="registeruser()[pri:5, instance:api.test.ReqresTest@6c1a5b54]" started-at="2023-09-06T11:28:49 IST" name="registeruser" finished-at="2023-09-06T11:28:50 IST" duration-ms="419" status="PASS">
          <reporter-output>
          </reporter-output>
        </test-method> <!-- registeruser -->
      </class> <!-- api.test.ReqresTest -->
    </test> <!-- Test -->
  </suite> <!-- Suite -->
</testng-results>
